Ruta del archivo de log: C:\Users\jesus\core\6C\Integrador\C2\ApiCinema\audit.log
Ruta del archivo de log: C:\Users\jesus\core\6C\Integrador\C2\ApiCinema\audit.log
node:events:502
      throw er; // Unhandled 'error' event
      ^

Error: listen EADDRINUSE: address already in use :::3002
    at Server.setupListenHandle [as _listen2] (node:net:1908:16)
    at listenInCluster (node:net:1965:12)
    at Server.listen (node:net:2067:7)
    at Function.listen (C:\Users\jesus\core\6C\Integrador\C2\ApiCinema\node_modules\express\lib\application.js:635:24)
    at file:///C:/Users/jesus/core/6C/Integrador/C2/ApiCinema/server.js:133:5
    at ModuleJob.run (node:internal/modules/esm/module_job:263:25)
    at async ModuleLoader.import (node:internal/modules/esm/loader:540:24)
    at async asyncRunEntryPointWithESMLoader (node:internal/modules/run_main:117:5)
Emitted 'error' event on Server instance at:
    at emitErrorNT (node:net:1944:8)
    at process.processTicksAndRejections (node:internal/process/task_queues:82:21) {
  code: 'EADDRINUSE',
  errno: -4091,
  syscall: 'listen',
  address: '::',
  port: 3002
}

Node.js v20.19.0
